2017-11-21 09:11:40,706 INFO     Number of reviews:4	Number of labels:4
2017-11-21 09:11:40,707 INFO     Processing task: Train graph...
2017-11-21 09:11:40,707 INFO     Checking model graph...
2017-11-21 09:11:40,707 INFO     Graph not existed, create a new graph and save to model
2017-11-21 09:12:29,717 INFO     vocab_to_int already exist, just reload
2017-11-21 09:12:29,721 INFO     Number of reviews:4	Number of labels:4
2017-11-21 09:12:29,722 INFO     Processing task: Train graph...
2017-11-21 09:12:29,722 INFO     Checking model graph...
2017-11-21 09:12:29,722 INFO     Graph not existed, create a new graph and save to model
2017-11-21 09:12:32,245 INFO     Finish building model graph!
2017-11-21 09:13:16,000 INFO     vocab_to_int already exist, just reload
2017-11-21 09:13:16,005 INFO     Number of reviews:4	Number of labels:4
2017-11-21 09:13:16,005 INFO     Processing task: Train graph...
2017-11-21 09:13:16,005 INFO     Checking model graph...
2017-11-21 09:13:16,006 INFO     Graph existed, ready to be reloaded...
2017-11-21 09:13:16,006 INFO     Finish building model graph!
2017-11-21 09:14:04,236 INFO     vocab_to_int already exist, just reload
2017-11-21 09:14:04,240 INFO     Number of reviews:4	Number of labels:4
2017-11-21 09:14:04,241 INFO     Processing task: Train graph...
2017-11-21 09:14:04,241 INFO     Checking model graph...
2017-11-21 09:14:04,241 INFO     Graph existed, ready to be reloaded...
2017-11-21 09:14:04,241 INFO     Finish building model graph!
2017-11-21 09:14:05,518 INFO     model is ready, good to go!
2017-11-21 09:14:05,518 INFO     Initializing the variables
2017-11-21 09:14:06,060 INFO     Start training...
2017-11-21 09:14:27,714 INFO     vocab_to_int already exist, just reload
2017-11-21 09:14:27,718 INFO     Number of reviews:4	Number of labels:4
2017-11-21 09:14:27,719 INFO     Processing task: Train graph...
2017-11-21 09:14:27,719 INFO     Checking model graph...
2017-11-21 09:14:27,719 INFO     Graph not existed, create a new graph and save to model
2017-11-21 09:14:30,304 INFO     Finish building model graph!
2017-11-21 09:14:30,388 INFO     model is ready, good to go!
2017-11-21 09:14:30,388 INFO     Initializing the variables
2017-11-21 09:14:30,790 INFO     Start training...
2017-11-21 09:15:29,128 INFO     vocab_to_int already exist, just reload
2017-11-21 09:15:29,132 INFO     Number of reviews:4	Number of labels:4
2017-11-21 09:15:29,132 INFO     Processing task: Train graph...
2017-11-21 09:15:29,132 INFO     Checking model graph...
2017-11-21 09:15:29,133 INFO     Graph existed, ready to be reloaded...
2017-11-21 09:15:29,133 INFO     Finish building model graph!
2017-11-21 09:15:30,433 INFO     model is ready, good to go!
2017-11-21 09:15:30,433 INFO     Initializing the variables
2017-11-21 09:15:30,963 INFO     Start training...
2017-11-21 09:15:47,667 INFO     vocab_to_int already exist, just reload
2017-11-21 09:15:47,671 INFO     Number of reviews:4	Number of labels:4
2017-11-21 09:15:47,672 INFO     Processing task: Train graph...
2017-11-21 09:15:47,672 INFO     Checking model graph...
2017-11-21 09:15:47,672 INFO     Graph existed, ready to be reloaded...
2017-11-21 09:15:47,672 INFO     Finish building model graph!
2017-11-21 09:15:48,961 INFO     model is ready, good to go!
2017-11-21 09:15:48,962 INFO     Initializing the variables
2017-11-21 09:15:49,484 INFO     Start training...
2017-11-21 09:15:52,292 INFO     Task: Train graph is done
2017-11-21 09:15:52,293 INFO     Job Done!
2017-11-21 09:16:59,554 INFO     vocab_to_int already exist, just reload
2017-11-21 09:16:59,559 INFO     Number of reviews:4	Number of labels:4
2017-11-21 09:16:59,559 INFO     Processing task: Train graph...
2017-11-21 09:16:59,560 INFO     Checking model graph...
2017-11-21 09:16:59,560 INFO     Graph not existed, create a new graph and save to model
2017-11-21 09:17:02,326 INFO     Finish building model graph!
2017-11-21 09:17:02,406 INFO     model is ready, good to go!
2017-11-21 09:17:02,409 INFO     check point path:checkpoints/i1_l256.ckpt
2017-11-21 09:17:02,410 INFO     Restoring parameters from checkpoints/i1_l256.ckpt
2017-11-21 09:17:02,890 INFO     Start training...
2017-11-21 09:17:03,142 INFO     Epoch: 1/10	Iteration: 1	Train loss: 0.249	
2017-11-21 09:17:04,316 INFO     Epoch: 2/10	Iteration: 2	Train loss: 0.243	
2017-11-21 09:17:05,589 INFO     Epoch: 3/10	Iteration: 3	Train loss: 0.232	
2017-11-21 09:17:06,935 INFO     Epoch: 4/10	Iteration: 4	Train loss: 0.224	
2017-11-21 09:17:08,239 INFO     Epoch: 5/10	Iteration: 5	Train loss: 0.214	
2017-11-21 09:17:09,687 INFO     Epoch: 6/10	Iteration: 6	Train loss: 0.195	
2017-11-21 09:17:11,321 INFO     Epoch: 7/10	Iteration: 7	Train loss: 0.151	
2017-11-21 09:17:12,972 INFO     Epoch: 8/10	Iteration: 8	Train loss: 0.051	
2017-11-21 09:17:14,740 INFO     Epoch: 9/10	Iteration: 9	Train loss: 0.006	
2017-11-21 09:17:16,371 INFO     Epoch: 10/10	Iteration: 10	Train loss: 0.003	
2017-11-21 09:17:19,589 INFO     Task: Train graph is done
2017-11-21 09:17:19,589 INFO     Job Done!
2017-11-21 09:17:52,125 INFO     vocab_to_int already exist, just reload
2017-11-21 09:17:52,131 INFO     Number of reviews:4	Number of labels:4
2017-11-21 09:17:52,132 INFO     Processing task: Train graph...
2017-11-21 09:17:52,132 INFO     Checking model graph...
2017-11-21 09:17:52,132 INFO     Graph existed, ready to be reloaded...
2017-11-21 09:17:52,132 INFO     Finish building model graph!
2017-11-21 09:17:53,455 INFO     model is ready, good to go!
2017-11-21 09:17:53,457 INFO     check point path:checkpoints/i11_l256.ckpt
2017-11-21 09:17:53,457 INFO     Restoring parameters from checkpoints/i11_l256.ckpt
2017-11-21 09:17:53,969 INFO     Start training...
2017-11-21 09:17:54,207 INFO     Epoch: 1/10	Iteration: 1	Train loss: 0.000	
2017-11-21 09:17:55,242 INFO     Epoch: 2/10	Iteration: 2	Train loss: 0.000	
2017-11-21 09:17:56,295 INFO     Epoch: 3/10	Iteration: 3	Train loss: 0.626	
2017-11-21 09:17:57,482 INFO     Epoch: 4/10	Iteration: 4	Train loss: 0.000	
2017-11-21 09:17:58,754 INFO     Epoch: 5/10	Iteration: 5	Train loss: 0.000	
2017-11-21 09:18:00,209 INFO     Epoch: 6/10	Iteration: 6	Train loss: 0.000	
2017-11-21 09:18:01,726 INFO     Epoch: 7/10	Iteration: 7	Train loss: 0.001	
2017-11-21 09:18:03,711 INFO     Epoch: 8/10	Iteration: 8	Train loss: 0.001	
2017-11-21 09:18:05,642 INFO     Epoch: 9/10	Iteration: 9	Train loss: 0.000	
2017-11-21 09:18:07,430 INFO     Epoch: 10/10	Iteration: 10	Train loss: 0.001	
2017-11-21 09:18:10,532 INFO     Task: Train graph is done
2017-11-21 09:18:53,925 INFO     vocab_to_int already exist, just reload
2017-11-21 09:18:53,929 INFO     Number of reviews:4	Number of labels:4
2017-11-21 09:18:53,929 INFO     Processing task: Train graph...
2017-11-21 09:18:53,930 INFO     Checking model graph...
2017-11-21 09:18:53,930 INFO     Graph existed, ready to be reloaded...
2017-11-21 09:18:53,930 INFO     Finish building model graph!
2017-11-21 09:18:55,250 INFO     model is ready, good to go!
2017-11-21 09:18:55,253 INFO     check point path:checkpoints/i11_l256.ckpt
2017-11-21 09:18:55,253 INFO     Restoring parameters from checkpoints/i11_l256.ckpt
2017-11-21 09:18:55,774 INFO     Start training...
2017-11-21 09:19:07,454 INFO     Epoch: 10/10	Iteration: 10	Train loss: 0.332	
2017-11-21 09:19:10,316 INFO     Task: Train graph is done
2017-11-21 09:19:10,317 INFO     Processing task: Test graph...
2017-11-21 09:19:10,317 INFO     Checking model graph...
2017-11-21 09:19:10,317 INFO     Graph existed, ready to be reloaded...
2017-11-21 09:19:10,317 INFO     Finish building model graph!
2017-11-21 09:19:11,910 INFO     model is ready, good to go!
2017-11-21 09:19:11,911 INFO     check point path:checkpoints/i11_l256.ckpt
2017-11-21 09:19:11,911 INFO     Restoring parameters from checkpoints/i11_l256.ckpt
2017-11-21 09:19:13,057 INFO     Start predicting...
2017-11-21 09:19:13,114 INFO     Predicted result:[[ 1.]]
2017-11-21 09:19:13,128 INFO     Task: Test graph is done
2017-11-21 09:19:13,128 INFO     Job Done!
2017-11-21 09:25:56,020 INFO     vocab_to_int already exist, just reload
2017-11-21 09:25:56,020 INFO     Number of reviews:4	Number of labels:4
2017-11-21 09:25:56,020 INFO     Processing task: Train graph...
2017-11-21 09:26:09,770 INFO     vocab_to_int already exist, just reload
2017-11-21 09:26:09,771 INFO     Number of reviews:4	Number of labels:4
2017-11-21 09:26:09,771 INFO     Processing task: Train graph...
2017-11-21 09:26:09,771 INFO     Checking model graph...
2017-11-21 09:26:09,771 INFO     Graph existed, ready to be reloaded...
2017-11-21 09:26:09,771 INFO     Finish building model graph!
2017-11-21 09:26:11,131 INFO     model is ready, good to go!
2017-11-21 09:26:11,133 INFO     check point path:checkpoints/i11_l256.ckpt
2017-11-21 09:26:11,133 INFO     Restoring parameters from checkpoints/i11_l256.ckpt
2017-11-21 09:26:11,674 INFO     Start training...
2017-11-21 09:26:23,916 INFO     Epoch: 10/10	Iteration: 10	Train loss: 0.230	
2017-11-21 09:26:27,165 INFO     Task: Train graph is done
2017-11-21 09:26:27,166 INFO     Processing task: Test graph...
2017-11-21 09:26:27,166 INFO     Checking model graph...
2017-11-21 09:26:27,166 INFO     Graph existed, ready to be reloaded...
2017-11-21 09:26:27,166 INFO     Finish building model graph!
2017-11-21 09:26:28,835 INFO     model is ready, good to go!
2017-11-21 09:26:28,837 INFO     check point path:checkpoints/i11_l256.ckpt
2017-11-21 09:26:28,837 INFO     Restoring parameters from checkpoints/i11_l256.ckpt
2017-11-21 09:26:30,328 INFO     Start predicting...
2017-11-21 09:26:30,397 INFO     Predicted result:[[ 1.]]
2017-11-21 09:26:30,410 INFO     Task: Test graph is done
